<?xml version="1.0" encoding="UTF-8"?>
<testng-results ignored="0" total="1" passed="1" failed="0" skipped="0">
  <reporter-output>
  </reporter-output>
  <suite started-at="2022-05-12T00:08:07 WIB" name="Default suite" finished-at="2022-05-12T00:08:28 WIB" duration-ms="20227">
    <groups>
    </groups>
    <test started-at="2022-05-12T00:08:07 WIB" name="Default test" finished-at="2022-05-12T00:08:28 WIB" duration-ms="20227">
      <class name="Assignment3.otoklix.AppTest">
        <test-method signature="assignmentTigaTest()[pri:0, instance:Assignment3.otoklix.AppTest@7e7be63f]" started-at="2022-05-12T00:08:07 WIB" name="assignmentTigaTest" finished-at="2022-05-12T00:08:28 WIB" duration-ms="20187" status="PASS">
          <reporter-output>
          </reporter-output>
        </test-method> <!-- assignmentTigaTest -->
      </class> <!-- Assignment3.otoklix.AppTest -->
    </test> <!-- Default test -->
  </suite> <!-- Default suite -->
</testng-results>
